[debug] [2025-04-20T03:42:30.473Z] ----------------------------------------------------------------------
[debug] [2025-04-20T03:42:30.477Z] Command:       C:\Program Files\nodejs\node.exe C:\Users\Niyexdroid\AppData\Roaming\npm\node_modules\firebase-tools\lib\bin\firebase.js init
[debug] [2025-04-20T03:42:30.478Z] CLI Version:   14.2.0
[debug] [2025-04-20T03:42:30.478Z] Platform:      win32
[debug] [2025-04-20T03:42:30.478Z] Node Version:  v22.14.0
[debug] [2025-04-20T03:42:30.479Z] Time:          Sun Apr 20 2025 04:42:30 GMT+0100 (West Africa Standard Time)
[debug] [2025-04-20T03:42:30.479Z] ----------------------------------------------------------------------
[debug] 
[debug] [2025-04-20T03:42:30.489Z] > command requires scopes: ["email","openid","https://www.googleapis.com/auth/cloudplatformprojects.readonly","https://www.googleapis.com/auth/firebase","https://www.googleapis.com/auth/cloud-platform"]
[debug] [2025-04-20T03:42:30.490Z] > authorizing via signed-in user (abosedeainacharityfoundation@gmail.com)
[info] 
     ######## #### ########  ######## ########     ###     ######  ########
     ##        ##  ##     ## ##       ##     ##  ##   ##  ##       ##
     ######    ##  ########  ######   ########  #########  ######  ######
     ##        ##  ##    ##  ##       ##     ## ##     ##       ## ##
     ##       #### ##     ## ######## ########  ##     ##  ######  ########

You're about to initialize a Firebase project in this directory:

  C:\Users\Niyexdroid\Documents\Projects\AACF

[info] 
=== Project Setup
[info] 
[info] First, let's associate this project directory with a Firebase project.
[info] You can create multiple project aliases by running firebase use --add, 
[info] but for now we'll just set up a default project.
[info] 
[debug] [2025-04-20T03:45:53.771Z] Checked if tokens are valid: true, expires at: 1745124065180
[debug] [2025-04-20T03:45:53.772Z] Checked if tokens are valid: true, expires at: 1745124065180
[debug] [2025-04-20T03:45:53.773Z] >>> [apiv2][query] GET https://firebase.googleapis.com/v1beta1/projects pageSize=100
[debug] [2025-04-20T03:45:54.713Z] <<< [apiv2][status] GET https://firebase.googleapis.com/v1beta1/projects 200
[debug] [2025-04-20T03:45:54.713Z] <<< [apiv2][body] GET https://firebase.googleapis.com/v1beta1/projects [omitted]
[info] i  Using project aacf-1434c (aacf-56690) 
[info] 
=== Firestore Setup
[debug] [2025-04-20T03:46:03.276Z] Checked if tokens are valid: true, expires at: 1745124065180
[debug] [2025-04-20T03:46:03.276Z] Checked if tokens are valid: true, expires at: 1745124065180
[debug] [2025-04-20T03:46:03.276Z] >>> [apiv2][query] GET https://serviceusage.googleapis.com/v1/projects/aacf-1434c/services/firestore.googleapis.com [none]
[debug] [2025-04-20T03:46:03.276Z] >>> [apiv2][(partial)header] GET https://serviceusage.googleapis.com/v1/projects/aacf-1434c/services/firestore.googleapis.com x-goog-quota-user=projects/aacf-1434c
[debug] [2025-04-20T03:46:06.413Z] <<< [apiv2][status] GET https://serviceusage.googleapis.com/v1/projects/aacf-1434c/services/firestore.googleapis.com 200
[debug] [2025-04-20T03:46:06.413Z] <<< [apiv2][body] GET https://serviceusage.googleapis.com/v1/projects/aacf-1434c/services/firestore.googleapis.com [omitted]
[debug] [2025-04-20T03:46:06.414Z] Checked if tokens are valid: true, expires at: 1745124065180
[debug] [2025-04-20T03:46:06.414Z] Checked if tokens are valid: true, expires at: 1745124065180
[debug] [2025-04-20T03:46:06.414Z] >>> [apiv2][query] GET https://firestore.googleapis.com/v1/projects/aacf-1434c/databases/(default) [none]
[debug] [2025-04-20T03:46:08.255Z] <<< [apiv2][status] GET https://firestore.googleapis.com/v1/projects/aacf-1434c/databases/(default) 200
[debug] [2025-04-20T03:46:08.255Z] <<< [apiv2][body] GET https://firestore.googleapis.com/v1/projects/aacf-1434c/databases/(default) {"name":"projects/aacf-1434c/databases/(default)","uid":"632b8081-565a-4faf-8d14-b96baa0831fc","createTime":"2025-04-20T03:23:09.455364Z","updateTime":"2025-04-20T03:23:09.455364Z","locationId":"nam5","type":"FIRESTORE_NATIVE","concurrencyMode":"PESSIMISTIC","versionRetentionPeriod":"3600s","earliestVersionTime":"2025-04-20T03:23:09.455364Z","appEngineIntegrationMode":"DISABLED","keyPrefix":"s","pointInTimeRecoveryEnablement":"POINT_IN_TIME_RECOVERY_DISABLED","deleteProtectionState":"DELETE_PROTECTION_DISABLED","databaseEdition":"STANDARD","freeTier":true,"etag":"IPCj6bvZ5YwDMISosqrU5YwD"}
[debug] [2025-04-20T03:46:08.256Z] database_type: FIRESTORE_NATIVE
[debug] [2025-04-20T03:46:08.256Z] database_type: FIRESTORE_NATIVE
[debug] [2025-04-20T03:46:08.257Z] > command requires scopes: ["email","openid","https://www.googleapis.com/auth/cloudplatformprojects.readonly","https://www.googleapis.com/auth/firebase","https://www.googleapis.com/auth/cloud-platform"]
[debug] [2025-04-20T03:46:08.257Z] > authorizing via signed-in user (abosedeainacharityfoundation@gmail.com)
[debug] [2025-04-20T03:46:08.258Z] [iam] checking project aacf-1434c for permissions ["firebase.projects.get"]
[debug] [2025-04-20T03:46:08.259Z] Checked if tokens are valid: true, expires at: 1745124065180
[debug] [2025-04-20T03:46:08.259Z] Checked if tokens are valid: true, expires at: 1745124065180
[debug] [2025-04-20T03:46:08.260Z] >>> [apiv2][query] POST https://cloudresourcemanager.googleapis.com/v1/projects/aacf-1434c:testIamPermissions [none]
[debug] [2025-04-20T03:46:08.260Z] >>> [apiv2][(partial)header] POST https://cloudresourcemanager.googleapis.com/v1/projects/aacf-1434c:testIamPermissions x-goog-quota-user=projects/aacf-1434c
[debug] [2025-04-20T03:46:08.260Z] >>> [apiv2][body] POST https://cloudresourcemanager.googleapis.com/v1/projects/aacf-1434c:testIamPermissions {"permissions":["firebase.projects.get"]}
[debug] [2025-04-20T03:46:09.887Z] <<< [apiv2][status] POST https://cloudresourcemanager.googleapis.com/v1/projects/aacf-1434c:testIamPermissions 200
[debug] [2025-04-20T03:46:09.887Z] <<< [apiv2][body] POST https://cloudresourcemanager.googleapis.com/v1/projects/aacf-1434c:testIamPermissions {"permissions":["firebase.projects.get"]}
[info] 
[info] Firestore Security Rules allow you to define how and when to allow
[info] requests. You can keep these rules in your project directory
[info] and publish them with firebase deploy.
[info] 
[debug] [2025-04-20T03:51:22.329Z] Checked if tokens are valid: true, expires at: 1745124065180
[debug] [2025-04-20T03:51:22.329Z] Checked if tokens are valid: true, expires at: 1745124065180
[debug] [2025-04-20T03:51:22.330Z] >>> [apiv2][query] GET https://firebaserules.googleapis.com/v1/projects/aacf-1434c/releases pageSize=10&pageToken=
[debug] [2025-04-20T03:51:23.170Z] <<< [apiv2][status] GET https://firebaserules.googleapis.com/v1/projects/aacf-1434c/releases 200
[debug] [2025-04-20T03:51:23.170Z] <<< [apiv2][body] GET https://firebaserules.googleapis.com/v1/projects/aacf-1434c/releases {"releases":[{"name":"projects/aacf-1434c/releases/cloud.firestore","rulesetName":"projects/aacf-1434c/rulesets/486e1e17-6fba-4a4b-b54e-4f1aa322b85d","createTime":"2025-04-20T03:23:15.559750Z","updateTime":"2025-04-20T03:23:15.559750Z"}]}
[debug] [2025-04-20T03:51:23.171Z] Found ruleset: projects/aacf-1434c/rulesets/486e1e17-6fba-4a4b-b54e-4f1aa322b85d
[debug] [2025-04-20T03:51:23.171Z] Checked if tokens are valid: true, expires at: 1745124065180
[debug] [2025-04-20T03:51:23.172Z] Checked if tokens are valid: true, expires at: 1745124065180
[debug] [2025-04-20T03:51:23.172Z] >>> [apiv2][query] GET https://firebaserules.googleapis.com/v1/projects/aacf-1434c/rulesets/486e1e17-6fba-4a4b-b54e-4f1aa322b85d [none]
[debug] [2025-04-20T03:51:23.967Z] <<< [apiv2][status] GET https://firebaserules.googleapis.com/v1/projects/aacf-1434c/rulesets/486e1e17-6fba-4a4b-b54e-4f1aa322b85d 200
[debug] [2025-04-20T03:51:23.968Z] <<< [apiv2][body] GET https://firebaserules.googleapis.com/v1/projects/aacf-1434c/rulesets/486e1e17-6fba-4a4b-b54e-4f1aa322b85d [omitted]
[info] 
[info] Firestore indexes allow you to perform complex queries while
[info] maintaining performance that scales with the size of the result
[info] set. You can keep index definitions in your project directory
[info] and publish them with firebase deploy.
[info] 
[debug] [2025-04-20T03:51:45.785Z] Checked if tokens are valid: true, expires at: 1745124065180
[debug] [2025-04-20T03:51:45.786Z] Checked if tokens are valid: true, expires at: 1745124065180
[debug] [2025-04-20T03:51:45.786Z] Checked if tokens are valid: true, expires at: 1745124065180
[debug] [2025-04-20T03:51:45.786Z] Checked if tokens are valid: true, expires at: 1745124065180
[debug] [2025-04-20T03:51:45.786Z] >>> [apiv2][query] GET https://firestore.googleapis.com/v1/projects/aacf-1434c/databases/(default)/collectionGroups/-/indexes [none]
[debug] [2025-04-20T03:51:45.788Z] >>> [apiv2][query] GET https://firestore.googleapis.com/v1/projects/aacf-1434c/databases/(default)/collectionGroups/-/fields?filter=indexConfig.usesAncestorConfig=false OR ttlConfig:* [none]
[debug] [2025-04-20T03:51:46.928Z] <<< [apiv2][status] GET https://firestore.googleapis.com/v1/projects/aacf-1434c/databases/(default)/collectionGroups/-/fields?filter=indexConfig.usesAncestorConfig=false OR ttlConfig:* 200
[debug] [2025-04-20T03:51:46.928Z] <<< [apiv2][body] GET https://firestore.googleapis.com/v1/projects/aacf-1434c/databases/(default)/collectionGroups/-/fields?filter=indexConfig.usesAncestorConfig=false OR ttlConfig:* {"fields":[{"name":"projects/aacf-1434c/databases/(default)/collectionGroups/__default__/fields/*","indexConfig":{"indexes":[{"queryScope":"COLLECTION","fields":[{"fieldPath":"*","order":"ASCENDING"}],"state":"READY"},{"queryScope":"COLLECTION","fields":[{"fieldPath":"*","order":"DESCENDING"}],"state":"READY"},{"queryScope":"COLLECTION","fields":[{"fieldPath":"*","arrayConfig":"CONTAINS"}],"state":"READY"}]}}]}
[debug] [2025-04-20T03:51:47.587Z] <<< [apiv2][status] GET https://firestore.googleapis.com/v1/projects/aacf-1434c/databases/(default)/collectionGroups/-/indexes 200
[debug] [2025-04-20T03:51:47.587Z] <<< [apiv2][body] GET https://firestore.googleapis.com/v1/projects/aacf-1434c/databases/(default)/collectionGroups/-/indexes {}
[info] 
=== Hosting Setup
[debug] [2025-04-20T03:51:47.592Z] Checked if tokens are valid: true, expires at: 1745124065180
[debug] [2025-04-20T03:51:47.593Z] Checked if tokens are valid: true, expires at: 1745124065180
[debug] [2025-04-20T03:51:47.593Z] >>> [apiv2][query] GET https://firebase.googleapis.com/v1beta1/projects/aacf-1434c [none]
[debug] [2025-04-20T03:51:48.299Z] <<< [apiv2][status] GET https://firebase.googleapis.com/v1beta1/projects/aacf-1434c 200
[debug] [2025-04-20T03:51:48.299Z] <<< [apiv2][body] GET https://firebase.googleapis.com/v1beta1/projects/aacf-1434c {"projectId":"aacf-1434c","projectNumber":"854288563982","displayName":"aacf-56690","name":"projects/aacf-1434c","resources":{"hostingSite":"aacf-1434c"},"state":"ACTIVE","etag":"1_0e446d4b-4284-4e07-9e40-c3af5341e98f"}
[info] 
[info] Your public directory is the folder (relative to your project directory) that
[info] will contain Hosting assets to be uploaded with firebase deploy. If you
[info] have a build process for your assets, use your build's output directory.
[info] 
[info] +  Wrote public/404.html 
[debug] [2025-04-20T04:01:10.400Z] >>> [apiv2][query] GET https://www.gstatic.com/firebasejs/releases.json [none]
[debug] [2025-04-20T04:01:10.996Z] <<< [apiv2][status] GET https://www.gstatic.com/firebasejs/releases.json 200
[debug] [2025-04-20T04:01:10.996Z] <<< [apiv2][body] GET https://www.gstatic.com/firebasejs/releases.json {"current":{"version":"11.6.0","browserURL":"https://www.gstatic.com/firebasejs/11.6.0/firebase.js","packageURL":"https://www.gstatic.com/firebasejs/11.6.0/firebase.tgz"},"live":{"version":"11.6","browserURL":"https://www.gstatic.com/firebasejs/live/11.6/firebase.js","packageURL":"https://www.gstatic.com/firebasejs/live/11.6/firebase.tgz"},"components":{"analytics":"https://www.gstatic.com/firebasejs/11.6.0/firebase-analytics.js","app":"https://www.gstatic.com/firebasejs/11.6.0/firebase-app.js","app-check":"https://www.gstatic.com/firebasejs/11.6.0/firebase-app-check.js","auth":"https://www.gstatic.com/firebasejs/11.6.0/firebase-auth.js","auth/cordova":"https://www.gstatic.com/firebasejs/11.6.0/firebase-auth/cordova.js","auth/web-extension":"https://www.gstatic.com/firebasejs/11.6.0/firebase-auth/web-extension.js","functions":"https://www.gstatic.com/firebasejs/11.6.0/firebase-functions.js","firestore":"https://www.gstatic.com/firebasejs/11.6.0/firebase-firestore.js","firestore/lite":"https://www.gstatic.com/firebasejs/11.6.0/firebase-firestore/lite.js","installations":"https://www.gstatic.com/firebasejs/11.6.0/firebase-installations.js","storage":"https://www.gstatic.com/firebasejs/11.6.0/firebase-storage.js","performance":"https://www.gstatic.com/firebasejs/11.6.0/firebase-performance.js","remote-config":"https://www.gstatic.com/firebasejs/11.6.0/firebase-remote-config.js","messaging":"https://www.gstatic.com/firebasejs/11.6.0/firebase-messaging.js","messaging/sw":"https://www.gstatic.com/firebasejs/11.6.0/firebase-messaging/sw.js","database":"https://www.gstatic.com/firebasejs/11.6.0/firebase-database.js","vertexai":"https://www.gstatic.com/firebasejs/11.6.0/firebase-vertexai.js","data-connect":"https://www.gstatic.com/firebasejs/11.6.0/firebase-data-connect.js","firestore.memory":"https://www.gstatic.com/firebasejs/11.6.0/firebase-firestore.memory.js"}}
[info] +  Wrote public/index.html 
[info] 
[info] i  Detected a .git folder at C:\Users\Niyexdroid\Documents\Projects\AACF 
[info] i  Authorizing with GitHub to upload your service account to a GitHub repository's secrets store. 
[info] 
[info] Visit this URL on this device to log in:
[info] https://github.com/login/oauth/authorize?client_id=89cf50f02ac6aaed3484&state=448719614&redirect_uri=http%3A%2F%2Flocalhost%3A9005&scope=read%3Auser%20repo%20public_repo
[info] 
[info] Waiting for authentication...
[debug] [2025-04-20T04:01:58.059Z] >>> [apiv2][query] POST https://github.com/login/oauth/access_token [none]
[debug] [2025-04-20T04:01:58.060Z] >>> [apiv2][body] POST https://github.com/login/oauth/access_token [stream]
[debug] [2025-04-20T04:01:59.022Z] <<< [apiv2][status] POST https://github.com/login/oauth/access_token 200
[debug] [2025-04-20T04:01:59.022Z] <<< [apiv2][body] POST https://github.com/login/oauth/access_token {"access_token":"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","token_type":"bearer","scope":"read:user,repo"}
[debug] [2025-04-20T04:01:59.037Z] >>> [apiv2][query] GET https://api.github.com/user [none]
[debug] [2025-04-20T04:01:59.827Z] <<< [apiv2][status] GET https://api.github.com/user 200
[debug] [2025-04-20T04:01:59.827Z] <<< [apiv2][body] GET https://api.github.com/user {"login":"niyexdroid","id":25546887,"node_id":"MDQ6VXNlcjI1NTQ2ODg3","avatar_url":"https://avatars.githubusercontent.com/u/25546887?v=4","gravatar_id":"","url":"https://api.github.com/users/niyexdroid","html_url":"https://github.com/niyexdroid","followers_url":"https://api.github.com/users/niyexdroid/followers","following_url":"https://api.github.com/users/niyexdroid/following{/other_user}","gists_url":"https://api.github.com/users/niyexdroid/gists{/gist_id}","starred_url":"https://api.github.com/users/niyexdroid/starred{/owner}{/repo}","subscriptions_url":"https://api.github.com/users/niyexdroid/subscriptions","organizations_url":"https://api.github.com/users/niyexdroid/orgs","repos_url":"https://api.github.com/users/niyexdroid/repos","events_url":"https://api.github.com/users/niyexdroid/events{/privacy}","received_events_url":"https://api.github.com/users/niyexdroid/received_events","type":"User","user_view_type":"private","site_admin":false,"name":"Adegbola Adeniyi","company":null,"blog":"","location":null,"email":"niyi.adegbola@outlook.com","hireable":null,"bio":null,"twitter_username":null,"notification_email":"niyi.adegbola@outlook.com","public_repos":49,"public_gists":0,"followers":2,"following":6,"created_at":"2017-02-04T10:14:58Z","updated_at":"2025-02-03T11:51:57Z","private_gists":2,"total_private_repos":3,"owned_private_repos":3,"disk_usage":232418,"collaborators":0,"two_factor_authentication":false,"plan":{"name":"free","space":976562499,"collaborators":0,"private_repos":10000}}
[info] 
[info] +  Success! Logged into GitHub as niyexdroid 
[info] 
